<?xml version="1.0" encoding="UTF-8"?>
<!-- Generated by org.testng.reporters.JUnitReportReporter -->
<testsuite hostname="heena-Inspiron-5567" failures="0" tests="2" name="QualitykioskTraining.CalculatorAPI.TestDivision" time="0.045" errors="0" timestamp="2021-04-20T09:54:57 IST" skipped="0">
  <testcase classname="QualitykioskTraining.CalculatorAPI.TestDivision" name="TestDivisionWithPositiveValues" time="0.038"/>
  <system-out/>
  <testcase classname="QualitykioskTraining.CalculatorAPI.TestDivision" name="TestDivisionWithnegativeValues" time="0.007"/>
  <system-out/>
</testsuite> <!-- QualitykioskTraining.CalculatorAPI.TestDivision -->
