<?xml version="1.0" encoding="UTF-8"?>
<!-- Generated by org.testng.reporters.JUnitReportReporter -->
<testsuite hostname="heena-Inspiron-5567" failures="0" tests="2" name="QualitykioskTraining.CalculatorAPI.TestingSubtractionTestCases" time="0.020" errors="0" timestamp="2021-04-20T09:54:57 IST" skipped="0">
  <testcase classname="QualitykioskTraining.CalculatorAPI.TestingSubtractionTestCases" name="TestSubtractionWithPositiveNumbers" time="0.016"/>
  <system-out/>
  <testcase classname="QualitykioskTraining.CalculatorAPI.TestingSubtractionTestCases" name="TestSubtractionWith1Positive1NegativeNumbers" time="0.004"/>
  <system-out/>
</testsuite> <!-- QualitykioskTraining.CalculatorAPI.TestingSubtractionTestCases -->
