<?xml version="1.0" encoding="UTF-8"?>
<!-- Generated by org.testng.reporters.JUnitReportReporter -->
<testsuite hostname="heena-Inspiron-5567" failures="0" tests="2" name="QualitykioskTraining.CalculatorAPI.Addition" time="0.063" errors="0" timestamp="2021-04-22T09:13:58 IST" skipped="0">
  <testcase classname="QualitykioskTraining.CalculatorAPI.Addition" name="TestAddition" time="0.061"/>
  <system-out/>
  <testcase classname="QualitykioskTraining.CalculatorAPI.Addition" name="TestAdditionWithZero" time="0.002"/>
  <system-out/>
</testsuite> <!-- QualitykioskTraining.CalculatorAPI.Addition -->
