<?xml version="1.0" encoding="UTF-8"?>
<!-- Generated by org.testng.reporters.JUnitReportReporter -->
<testsuite hostname="heena-Inspiron-5567" failures="0" tests="2" name="QualitykioskTraining.CalculatorAPI.TestDivision" time="0.006" errors="0" timestamp="2021-04-20T09:17:54 IST" skipped="0">
  <testcase classname="QualitykioskTraining.CalculatorAPI.TestDivision" name="TestDivisionWithnegativeValues" time="0.002"/>
  <system-out/>
  <testcase classname="QualitykioskTraining.CalculatorAPI.TestDivision" name="TestDivisionWithPositiveValues" time="0.004"/>
  <system-out/>
</testsuite> <!-- QualitykioskTraining.CalculatorAPI.TestDivision -->
