<?xml version="1.0" encoding="UTF-8"?>
<!-- Generated by org.testng.reporters.JUnitReportReporter -->
<testsuite hostname="heena-Inspiron-5567" failures="0" tests="2" name="QualitykioskTraining.CalculatorAPI.Addition" time="0.027" errors="0" timestamp="2021-04-20T09:17:54 IST" skipped="0">
  <testcase classname="QualitykioskTraining.CalculatorAPI.Addition" name="TestAddition" time="0.026"/>
  <system-out/>
  <testcase classname="QualitykioskTraining.CalculatorAPI.Addition" name="TestAdditionWithZero" time="0.001"/>
  <system-out/>
</testsuite> <!-- QualitykioskTraining.CalculatorAPI.Addition -->
